<?xml version="1.0" encoding="UTF-8"?>
<testsuite xmlns:xsi="http://www.w3.org/2001/XMLSchema-instance" xsi:noNamespaceSchemaLocation="https://maven.apache.org/surefire/maven-surefire-plugin/xsd/surefire-test-report-3.0.xsd" version="3.0" name="catering.businesslogic.kitchen.SummarySheetTest" time="0.389" tests="2" errors="0" skipped="0" failures="0">
  <properties>
[...]
</properties>
  <testcase name="testSummarySheetCreation" classname="catering.businesslogic.kitchen.SummarySheetTest" time="0.039">
    <system-err><![CDATA[2025-07-04 15:30:13.942 [INFO] catering.persistence.PersistenceManager: Database initialized successfully from database/catering_init_sqlite.sql
2025-07-04 15:30:13.944 [INFO] catering.businesslogic.shift.Shift: Loading all shifts from database
2025-07-04 15:30:13.947 [INFO] catering.businesslogic.shift.Shift: Loaded 0 shifts
2025-07-04 15:30:13.975 [INFO] catering.businesslogic.user.UserManager: Attempting login for user: Antonio
2025-07-04 15:30:13.976 [INFO] catering.businesslogic.user.UserManager: User successfully logged in: Antonio
2025-07-04 15:30:13.977 [INFO] catering.businesslogic.kitchen.SummarySheetTest: Testing summary sheet creation
2025-07-04 15:30:13.986 [INFO] catering.businesslogic.kitchen.SummarySheetTest: Created summary sheet: 

SummarySheet [ID: 0, Owner: Antonio, Service: Pranzo Buffet Aziendale, Tasks: 9, Assignments: 0]

Tasks:
  1. [ ] Caprese
  2. [ ] Prosciutto e Melone
  3. [ ] Spaghetti alla Carbonara
  4. [ ] Salsa carbonara
  5. [ ] Ossobuco alla Milanese
  6. [ ] Brodo di carne
  7. [ ] Gremolata
  8. [ ] Panna Cotta
  9. [ ] Gelato Artigianale
]]></system-err>
  </testcase>
  <testcase name="testTaskAssignment" classname="catering.businesslogic.kitchen.SummarySheetTest" time="0.049">
    <system-err><![CDATA[2025-07-04 15:30:14.006 [INFO] catering.businesslogic.user.UserManager: Attempting login for user: Antonio
2025-07-04 15:30:14.006 [INFO] catering.businesslogic.user.UserManager: User successfully logged in: Antonio
2025-07-04 15:30:14.007 [INFO] catering.businesslogic.kitchen.SummarySheetTest: Testing task assignment to cook
2025-07-04 15:30:14.037 [INFO] catering.businesslogic.shift.Shift: Added booking for user Luca to shift ID 0
2025-07-04 15:30:14.040 [INFO] catering.businesslogic.kitchen.SummarySheetTest: Successfully assigned task. Assignment details: Task: Caprese, Cook: Luca, Shift: 2025-04-07 09:00:00-14:00:00
2025-07-04 15:30:14.040 [INFO] catering.businesslogic.kitchen.SummarySheetTest: 

SummarySheet [ID: 0, Owner: Antonio, Service: Pranzo Buffet Aziendale, Tasks: 9, Assignments: 1]

Tasks:
  1. [ ] Caprese
  2. [ ] Prosciutto e Melone
  3. [ ] Spaghetti alla Carbonara
  4. [ ] Salsa carbonara
  5. [ ] Ossobuco alla Milanese
  6. [ ] Brodo di carne
  7. [ ] Gremolata
  8. [ ] Panna Cotta
  9. [ ] Gelato Artigianale

Assignments:
  1. Task: Caprese, Cook: Luca, Shift: 2025-04-07 (09:00:00-14:00:00)
]]></system-err>
  </testcase>
</testsuite>